[20:05:58] [main/INFO]: Loading Minecraft 1.20.1 with Fabric Loader 0.15.11
[20:05:58] [main/WARN]: Warnings were found!
 - Mod 'LambDynamicLights' (lambdynlights) 2.3.2+1.20.1 recommends version 0.19.1 or later of quilt_loader, which is missing!
	 - You should install version 0.19.1 or later of quilt_loader for the optimal experience.
[20:05:58] [main/INFO]: Loading 140 mods:
	- animatica 0.6+1.20
	- autoclicker-fabric 1.20.1-1.8.0-build.25
	- borderlessmining 1.1.8+1.20.1
	- capes 1.5.2+1.20
	- citresewn 1.1.3+1.20
	   \-- citresewn-defaults 1.1.3+1.20
	- cloth-config 11.1.118
	   \-- cloth-basic-math 0.6.1
	- continuity 3.0.0-beta.4+1.20.1
	- dynamic_fps 3.3.1
	- ears 1.4.6
	- emuno 1.1.1
	- enhancedblockentities 0.9+1.20
	   |-- advanced_runtime_resource_pack 0.6.7
	   \-- spruceui 5.0.0+1.20
	- entity_model_features 1.2
	- entity_texture_features 5.0
	   \-- org_apache_httpcomponents_httpmime 4.5.10
	- entityculling 1.6.2-mc1.20.1
	- fabric-api 0.91.0+1.20.1
	   |-- fabric-api-base 0.4.30+7abfd51577
	   |-- fabric-api-lookup-api-v1 1.6.35+4d8536c977
	   |-- fabric-biome-api-v1 13.0.12+215bbe9677
	   |-- fabric-block-api-v1 1.0.10+92a0d36777
	   |-- fabric-block-view-api-v2 1.0.0+92a0d36777
	   |-- fabric-blockrenderlayer-v1 1.1.40+b3afc78b77
	   |-- fabric-client-tags-api-v1 1.1.1+97bb207577
	   |-- fabric-command-api-v1 1.2.33+f71b366f77
	   |-- fabric-command-api-v2 2.2.12+b3afc78b77
	   |-- fabric-commands-v0 0.2.50+df3654b377
	   |-- fabric-containers-v0 0.1.63+df3654b377
	   |-- fabric-content-registries-v0 4.0.10+57aed33f77
	   |-- fabric-convention-tags-v1 1.5.4+a1a980da77
	   |-- fabric-crash-report-info-v1 0.2.18+aeb40ebe77
	   |-- fabric-data-generation-api-v1 12.3.3+d7b148e077
	   |-- fabric-dimensions-v1 2.1.53+8536527b77
	   |-- fabric-entity-events-v1 1.5.22+b3afc78b77
	   |-- fabric-events-interaction-v0 0.6.1+e91849a877
	   |-- fabric-events-lifecycle-v0 0.2.62+df3654b377
	   |-- fabric-game-rule-api-v1 1.0.39+ae9f657a77
	   |-- fabric-item-api-v1 2.1.27+b3afc78b77
	   |-- fabric-item-group-api-v1 4.0.11+d7b148e077
	   |-- fabric-key-binding-api-v1 1.0.36+fb8d95da77
	   |-- fabric-keybindings-v0 0.2.34+df3654b377
	   |-- fabric-lifecycle-events-v1 2.2.21+b3afc78b77
	   |-- fabric-loot-api-v2 1.2.0+96dfa95977
	   |-- fabric-loot-tables-v1 1.1.44+9e7660c677
	   |-- fabric-message-api-v1 5.1.8+d7b148e077
	   |-- fabric-mining-level-api-v1 2.1.49+b3afc78b77
	   |-- fabric-model-loading-api-v1 1.0.2+709a987177
	   |-- fabric-models-v0 0.4.1+9386d8a777
	   |-- fabric-networking-api-v1 1.3.10+eeb8eb3677
	   |-- fabric-networking-v0 0.3.50+df3654b377
	   |-- fabric-object-builder-api-v1 11.1.2+4ee0bc6077
	   |-- fabric-particles-v1 1.1.1+201a23a077
	   |-- fabric-recipe-api-v1 1.0.20+b3afc78b77
	   |-- fabric-registry-sync-v0 2.3.2+4df89eb277
	   |-- fabric-renderer-api-v1 3.2.0+39a511ba77
	   |-- fabric-renderer-indigo 1.5.0+39a511ba77
	   |-- fabric-renderer-registries-v1 3.2.45+df3654b377
	   |-- fabric-rendering-data-attachment-v1 0.3.36+92a0d36777
	   |-- fabric-rendering-fluids-v1 3.0.27+b3afc78b77
	   |-- fabric-rendering-v0 1.1.48+df3654b377
	   |-- fabric-rendering-v1 3.0.7+b3afc78b77
	   |-- fabric-resource-conditions-api-v1 2.3.7+29de845d77
	   |-- fabric-resource-loader-v0 0.11.9+132c48c177
	   |-- fabric-screen-api-v1 2.0.7+b3afc78b77
	   |-- fabric-screen-handler-api-v1 1.3.29+b3afc78b77
	   |-- fabric-sound-api-v1 1.0.12+b3afc78b77
	   |-- fabric-transfer-api-v1 3.3.3+c81d263177
	   \-- fabric-transitive-access-wideners-v1 4.3.0+6c31357e77
	- fabric-language-kotlin 1.10.17+kotlin.1.9.22
	   |-- org_jetbrains_kotlin_kotlin-reflect 1.9.22
	   |-- org_jetbrains_kotlin_kotlin-stdlib 1.9.22
	   |-- org_jetbrains_kotlin_kotlin-stdlib-jdk7 1.9.22
	   |-- org_jetbrains_kotlin_kotlin-stdlib-jdk8 1.9.22
	   |-- org_jetbrains_kotlinx_atomicfu-jvm 0.23.1
	   |-- org_jetbrains_kotlinx_kotlinx-coroutines-core-jvm 1.7.3
	   |-- org_jetbrains_kotlinx_kotlinx-coroutines-jdk8 1.7.3
	   |-- org_jetbrains_kotlinx_kotlinx-datetime-jvm 0.5.0
	   |-- org_jetbrains_kotlinx_kotlinx-serialization-cbor-jvm 1.6.2
	   |-- org_jetbrains_kotlinx_kotlinx-serialization-core-jvm 1.6.2
	   \-- org_jetbrains_kotlinx_kotlinx-serialization-json-jvm 1.6.2
	- fabricloader 0.15.11
	   \-- mixinextras 0.3.5
	- fabricskyboxes 0.7.3+mc1.20.1
	- fastquit 3.0.0+1.20+
	- ferritecore 6.0.1
	- fix-keyboard-on-linux 1.0.0
	- freecam 1.2.1+1.20
	- fsb-interop 1.3.6+mc1.20.1-build.50
	- immediatelyfast 1.2.8+1.20.4
	   \-- net_lenni0451_reflect 1.3.1
	- indium 1.0.27+mc1.20.1
	- iris 1.6.11
	   |-- io_github_douira_glsl-transformer 2.0.0-pre13
	   |-- org_anarres_jcpp 1.4.14
	   \-- org_antlr_antlr4-runtime 4.11.1
	- isxander-main-menu-credits 1.1.2
	- java 17
	- lambdynlights 2.3.2+1.20.1
	   |-- pride 1.2.0+1.19.4
	   \-- spruceui 5.0.0+1.20
	- lilac 1.0.0-beta.3
	- lithium 0.11.2
	- minecraft 1.20.1
	- modernfix 5.11.1+mc1.20.1
	- modmenu 7.2.2
	- moreculling 1.20.1-0.19.0
	   \-- conditional-mixin 0.3.2
	- optigui 2.1.7
	   |-- optiglue 2.1.7-mc.1.19.3
	   |-- org_apache_commons_commons-text 1.10.0
	   \-- org_ini4j_ini4j 0.5.4
	- puzzle 1.5.2+1.20
	   |-- midnightlib 1.4.1
	   |-- puzzle-base 1.5.2+1.20
	   |-- puzzle-gui 1.5.2+1.20
	   |-- puzzle-models 1.5.2+1.20
	   \-- puzzle-splashscreen 1.5.2+1.20
	- reeses-sodium-options 1.6.5+mc1.20.1-build.95
	- sodium 0.5.3
	- sodium-extra 0.5.1+mc1.20.1-build.112
	   |-- caffeineconfig 1.3.0+1.17
	   \-- crowdin-translate 1.4+1.19.3
	- threadtweak 1.20.2-0.1.1
	- world-host 0.4.8
	   \-- org_quiltmc_parsers_json 0.2.1
	- yet_another_config_lib_v3 3.2.1+1.20
	   |-- com_twelvemonkeys_common_common-image 3.10.0-SNAPSHOT
	   |-- com_twelvemonkeys_common_common-io 3.10.0-SNAPSHOT
	   |-- com_twelvemonkeys_common_common-lang 3.10.0-SNAPSHOT
	   |-- com_twelvemonkeys_imageio_imageio-core 3.10.0-SNAPSHOT
	   |-- com_twelvemonkeys_imageio_imageio-metadata 3.10.0-SNAPSHOT
	   |-- com_twelvemonkeys_imageio_imageio-webp 3.10.0-SNAPSHOT
	   \-- org_quiltmc_parsers_gson 0.2.1
	- yosbr 0.1.2
	- zoomify 2.11.2
	   |-- com_akuleshov7_ktoml-core-jvm 0.4.1
	   |-- dev_isxander_settxi_settxi-core 2.10.6
	   \-- dev_isxander_settxi_settxi-kotlinx-serialization 2.10.6
[20:05:58] [main/INFO]: Applying default options... (YOSBR)
[20:05:58] [main/INFO]: SpongePowered MIXIN Subsystem Version=0.8.5 Source=file:/C:/Users/lukeu/AppData/Roaming/com.modrinth.theseus/meta/libraries/net/fabricmc/sponge-mixin/0.13.3+mixin.0.8.5/sponge-mixin-0.13.3+mixin.0.8.5.jar Service=Knot/Fabric Env=CLIENT
[20:05:58] [main/INFO]: Compatibility level set to JAVA_16
[20:05:58] [main/INFO]: Compatibility level set to JAVA_17
[20:05:59] [main/WARN]: Reference map 'entity_model_features_fabric_1.20.1-fabric-refmap.json' for entity_model_features.mixins.json could not be read. If this is a development environment you can ignore this message
[20:05:59] [main/INFO]: Loaded configuration file for Lithium: 115 options available, 1 override(s) found
[20:05:59] [main/INFO]: Loaded configuration file for ModernFix 5.11.1+mc1.20.1: 52 options available, 5 override(s) found
[20:05:59] [main/WARN]: Option 'mixin.perf.dedicated_reload_executor' overriden (by user configuration) to 'false'
[20:05:59] [main/WARN]: Option 'mixin.perf.faster_item_rendering' overriden (by user configuration) to 'true'
[20:05:59] [main/WARN]: Option 'mixin.perf.dynamic_resources' overriden (by user configuration) to 'true'
[20:05:59] [main/WARN]: Option 'mixin.perf.dynamic_entity_renderers' overriden (by user configuration) to 'true'
[20:05:59] [main/WARN]: Option 'mixin.perf.thread_priorities' overriden (by mods [threadtweak]) to 'false'
[20:05:59] [main/INFO]: Applying Nashorn fix
[20:05:59] [main/INFO]: Loaded configuration file for Sodium: 41 options available, 3 override(s) found
[20:05:59] [main/INFO]: Loaded configuration file for Sodium Extra: 32 options available, 0 override(s) found
[20:06:00] [main/WARN]: Error loading class: me/jellysquid/mods/sodium/client/render/immediate/model/EntityRenderer (java.lang.ClassNotFoundException: me/jellysquid/mods/sodium/client/render/immediate/model/EntityRenderer)
[20:06:00] [main/WARN]: Mixin malte0811.ferritecore.mixin.threaddetec.PalettedContainerMixin is disabled automatically as lithium is installed
[20:06:00] [main/WARN]: Force-disabling mixin 'alloc.blockstate.StateMixin' as rule 'mixin.alloc.blockstate' (added by mods [ferritecore]) disables it and children
[20:06:00] [main/WARN]: Error loading class: net/fabricmc/fabric/impl/client/model/ModelLoadingRegistryImpl$LoaderInstance (java.lang.ClassNotFoundException: net/fabricmc/fabric/impl/client/model/ModelLoadingRegistryImpl$LoaderInstance)
[20:06:00] [main/WARN]: @Mixin target net.fabricmc.fabric.impl.client.model.ModelLoadingRegistryImpl$LoaderInstance was not found modernfix-fabric.mixins.json:perf.dynamic_resources.LoaderInstanceMixin from mod modernfix
[20:06:00] [main/WARN]: Error loading class: me/jellysquid/mods/sodium/client/render/occlusion/BlockOcclusionCache (java.lang.ClassNotFoundException: me/jellysquid/mods/sodium/client/render/occlusion/BlockOcclusionCache)
[20:06:00] [main/WARN]: Force-disabling mixin 'features.render.entity.CuboidMixin' as rule 'mixin.features.render.entity' (added by mods [iris]) disables it and children
[20:06:00] [main/WARN]: Force-disabling mixin 'features.render.entity.ModelPartMixin' as rule 'mixin.features.render.entity' (added by mods [iris]) disables it and children
[20:06:00] [main/WARN]: Force-disabling mixin 'features.render.entity.cull.EntityRendererMixin' as rule 'mixin.features.render.entity' (added by mods [iris]) disables it and children
[20:06:00] [main/WARN]: Force-disabling mixin 'features.render.entity.shadows.EntityRenderDispatcherMixin' as rule 'mixin.features.render.entity' (added by mods [iris]) disables it and children
[20:06:00] [main/WARN]: Force-disabling mixin 'features.render.gui.font.GlyphRendererMixin' as rule 'mixin.features.render.gui.font' (added by mods [iris]) disables it and children
[20:06:00] [main/WARN]: Force-disabling mixin 'features.render.world.sky.BackgroundRendererMixin' as rule 'mixin.features.render.world.sky' (added by mods [iris]) disables it and children
[20:06:00] [main/WARN]: Force-disabling mixin 'features.render.world.sky.ClientWorldMixin' as rule 'mixin.features.render.world.sky' (added by mods [iris]) disables it and children
[20:06:00] [main/WARN]: Force-disabling mixin 'features.render.world.sky.WorldRendererMixin' as rule 'mixin.features.render.world.sky' (added by mods [iris]) disables it and children
[20:06:00] [main/WARN]: Error loading class: me/jellysquid/mods/sodium/client/render/occlusion/BlockOcclusionCache (java.lang.ClassNotFoundException: me/jellysquid/mods/sodium/client/render/occlusion/BlockOcclusionCache)
[20:06:00] [main/WARN]: Error loading class: me/jellysquid/mods/sodium/client/render/occlusion/BlockOcclusionCache (java.lang.ClassNotFoundException: me/jellysquid/mods/sodium/client/render/occlusion/BlockOcclusionCache)
[20:06:00] [main/WARN]: Error loading class: org/jetbrains/annotations/ApiStatus$Internal (java.lang.ClassNotFoundException: org/jetbrains/annotations/ApiStatus$Internal)
[20:06:00] [main/INFO]: I used the json to destroy the json
[20:06:00] [main/INFO]: Searching for graphics cards...
[20:06:00] [main/INFO]: Initializing MixinExtras via com.llamalad7.mixinextras.service.MixinExtrasServiceImpl(version=0.3.5).
[20:06:01] [main/INFO]: Found graphics card: GraphicsAdapterInfo[vendor=AMD, name=AMD Radeon RX 6700S, version=DriverVersion=31.0.24027.1012]
[20:06:01] [main/INFO]: Found graphics card: GraphicsAdapterInfo[vendor=AMD, name=AMD Radeon(TM) Graphics, version=DriverVersion=31.0.24027.1012]
[20:06:01] [main/INFO]: ThreadTweak config initialized
[20:06:04] [main/INFO]: Injecting BlockStateBase cache population hook into getNeighborPathNodeType from me.jellysquid.mods.lithium.mixin.ai.pathing.AbstractBlockStateMixin
[20:06:04] [main/INFO]: Injecting BlockStateBase cache population hook into getPathNodeType from me.jellysquid.mods.lithium.mixin.ai.pathing.AbstractBlockStateMixin
[20:06:04] [main/INFO]: Injecting BlockStateBase cache population hook into getAllFlags from me.jellysquid.mods.lithium.mixin.util.block_tracking.AbstractBlockStateMixin
[20:06:07] [main/WARN]: Method overwrite conflict for method_21740 in modernfix-common.mixins.json:perf.remove_biome_temperature_cache.BiomeMixin from mod modernfix, previously written by me.jellysquid.mods.lithium.mixin.world.temperature_cache.BiomeMixin. Skipping method.
[20:06:07] [main/INFO]: Vanilla bootstrap took 4584 milliseconds
[20:06:08] [Render thread/INFO]: Environment: authHost='https://authserver.mojang.com', accountsHost='https://api.mojang.com', sessionHost='https://sessionserver.mojang.com', servicesHost='https://api.minecraftservices.com', name='PROD'
[20:06:08] [Render thread/INFO]: Setting user: LukeyLuke_00
[20:06:08] [Render thread/INFO]: Bypassed Mojang DFU
[20:06:08] [Render thread/INFO]: Auto Clicker Initialised
[20:06:08] [Render thread/INFO]: EmuNO has initialized! Enjoy gaming :D
[20:06:09] [Render thread/INFO]: Trying to read config file...
[20:06:09] [Render thread/INFO]: A config file was found, loading it..
[20:06:09] [Render thread/INFO]: Successfully loaded config file.
[20:06:09] [Render thread/INFO]: [citresewn] Registering CIT Conditions
[20:06:09] [Render thread/INFO]: [citresewn] Registering CIT Types
[20:06:10] [Render thread/WARN]: Configuration option 'christmas_chests' must be one of: 'allowed', 'forced', 'disabled'
[20:06:10] [Render thread/WARN]: Configuration option 'sign_text_rendering' must be one of: 'smart', 'all', 'most', 'some', 'few'
[20:06:10] [Render thread/INFO]: Loading Entity Model Features, not fit for consumption in Portugal.
[20:06:10] [Render thread/INFO]: 1 new ETF Random Properties registered by entity_model_features.
[20:06:10] [Render thread/INFO]: Loading Entity Texture Features, now compatible with Minecraft!
[20:06:10] [Render thread/INFO]: [Indigo] Different rendering plugin detected; not applying Indigo.
[20:06:11] [Render thread/INFO]: [FastQuit] Initialized
[20:06:11] [Render thread/INFO]: [LambDynLights] Initializing LambDynamicLights...
[20:06:11] [Render thread/INFO]: [LambDynLights] Configuration loaded.
[20:06:11] [Render thread/INFO]: OptiGlue initialized.
[20:06:11] [Render thread/INFO]: OptiGUI initialized.
[20:06:11] [Render thread/INFO]: Using client-generated connection ID consequence-values-ghana
[20:06:11] [Render thread/INFO]: Attempting to connect to WH server at world-host.jemnetworks.com
[20:06:11] [Render thread/INFO]: Scanning for UPnP gateway
[20:06:12] [WH-RecvThread/INFO]: Received ConnectionInfo[connectionId=1978924916917, baseIp=world-host.jemnetworks.com, basePort=25565, userIp=170.203.201.16, protocolVersion=5, punchPort=0]
[20:06:12] [Render thread/INFO]: Backend library: LWJGL version 3.3.1 SNAPSHOT
[20:06:12] [Render thread/INFO]: Initializing ImmediatelyFast 1.2.8+1.20.4 on AMD Radeon(TM) Graphics (ATI Technologies Inc.) with OpenGL 3.2.0 Core Profile Context 24.3.1.240312
[20:06:12] [Render thread/INFO]: AMD GPU detected. Enabling coherent buffer mapping
[20:06:12] [Render thread/INFO]: Found Iris/Oculus 1.6.11. Enabling compatibility.
[20:06:12] [Render thread/INFO]: OpenGL Vendor: ATI Technologies Inc.
[20:06:12] [Render thread/INFO]: OpenGL Renderer: AMD Radeon(TM) Graphics
[20:06:12] [Render thread/INFO]: OpenGL Version: 3.2.0 Core Profile Context 24.3.1.240312
[20:06:12] [Render thread/INFO]: Debug functionality is disabled.
[20:06:12] [Render thread/INFO]: ARB_direct_state_access detected, enabling DSA.
[20:06:12] [Render thread/INFO]: Shaders are disabled because enableShaders is set to false in iris.properties
[20:06:12] [Render thread/INFO]: Shaders are disabled
[20:06:12] [Render thread/INFO]: ARRP register - before vanilla
[20:06:12] [Render thread/INFO]: ARRP register - after vanilla
[20:06:13] [Render thread/INFO]: ARRP register - before user
[20:06:13] [Render thread/WARN]: Method overwrite conflict for getModel in fabric-model-loading-api-v1.mixins.json:BakedModelManagerMixin from mod fabric-model-loading-api-v1, previously written by foundationgames.enhancedblockentities.mixin.BakedModelManagerMixin. Skipping method.
[20:06:13] [Render thread/INFO]: Hardware information:
[20:06:13] [Render thread/INFO]: CPU: 16x AMD Ryzen 9 6900HS with Radeon Graphics 
[20:06:13] [Render thread/INFO]: GPU: AMD Radeon(TM) Graphics (Supports OpenGL 3.2.0 Core Profile Context 24.3.1.240312)
[20:06:13] [Render thread/INFO]: OS: Windows 11 (10.0)
[20:06:13] [Finalizer/WARN]: One or more BufferBuilders have been leaked, ModernFix will attempt to correct this.
[20:06:14] [Render thread/INFO]: Invalidating pack caches
[20:06:14] [Render thread/INFO]: Reloading ResourceManager: vanilla, fabric (advanced_runtime_resource_pack, animatica, autoclicker-fabric, borderlessmining, caffeineconfig, capes, citresewn, citresewn-defaults, cloth-config, conditional-mixin, continuity, dynamic_fps, ears, emuno, enhancedblockentities, entity_model_features, entity_texture_features, entityculling, fabric-api, fabric-api-base, fabric-api-lookup-api-v1, fabric-biome-api-v1, fabric-block-api-v1, fabric-block-view-api-v2, fabric-blockrenderlayer-v1, fabric-client-tags-api-v1, fabric-command-api-v1, fabric-command-api-v2, fabric-commands-v0, fabric-containers-v0, fabric-content-registries-v0, fabric-convention-tags-v1, fabric-crash-report-info-v1, fabric-data-generation-api-v1, fabric-dimensions-v1, fabric-entity-events-v1, fabric-events-interaction-v0, fabric-events-lifecycle-v0, fabric-game-rule-api-v1, fabric-item-api-v1, fabric-item-group-api-v1, fabric-key-binding-api-v1, fabric-keybindings-v0, fabric-language-kotlin, fabric-lifecycle-events-v1, fabric-loot-api-v2, fabric-loot-tables-v1, fabric-message-api-v1, fabric-mining-level-api-v1, fabric-model-loading-api-v1, fabric-models-v0, fabric-networking-api-v1, fabric-networking-v0, fabric-object-builder-api-v1, fabric-particles-v1, fabric-recipe-api-v1, fabric-registry-sync-v0, fabric-renderer-api-v1, fabric-renderer-indigo, fabric-renderer-registries-v1, fabric-rendering-data-attachment-v1, fabric-rendering-fluids-v1, fabric-rendering-v0, fabric-rendering-v1, fabric-resource-conditions-api-v1, fabric-resource-loader-v0, fabric-screen-api-v1, fabric-screen-handler-api-v1, fabric-sound-api-v1, fabric-transfer-api-v1, fabric-transitive-access-wideners-v1, fabricloader, fabricskyboxes, fastquit, fix-keyboard-on-linux, freecam, fsb-interop, immediatelyfast, indium, iris, lambdynlights, lilac, lithium, midnightlib, modernfix, modmenu, moreculling, optigui, pride, puzzle, puzzle-base, puzzle-gui, puzzle-models, puzzle-splashscreen, reeses-sodium-options, sodium, sodium-extra, spruceui, threadtweak, world-host, yet_another_config_lib_v3, yosbr, zoomify), file/Chat Reporting Helper.zip, continuity:glass_pane_culling_fix, continuity:default, file/Fast Better Grass.zip, file/Fullbright-UB-1.20.zip, file/LowOnFire_1.20.1.zip, file/lower_shield_1.14-1.20.4.zip, file/VanillaTweaks_r825862.zip
[20:06:14] [Render thread/INFO]: closing rrp ebe:base_resources
[20:06:14] [Render thread/INFO]: ARRP register - before vanilla
[20:06:14] [Render thread/INFO]: ARRP register - after vanilla
[20:06:14] [Render thread/INFO]: No resource loader plugins were found, no resources to load
[20:06:14] [Render thread/ERROR]: [citresewn] Caution! Broken paths is enabled!
[20:06:14] [Worker-Main-10/INFO]: Found unifont_all_no_pua-15.0.06.hex, loading
[20:06:14] [Render thread/INFO]: Creating pipeline for dimension NamespacedId{namespace='minecraft', name='overworld'}
[20:06:14] [Render thread/INFO]: Cached all modded block culling states
[20:06:14] [Render thread/INFO]: Finished authenticating with WH server. Requesting friends list.
[20:06:14] [Worker-Main-2/INFO]: Early baking 180 models
[20:06:15] [Render thread/WARN]: Missing sound for event: minecraft:item.goat_horn.play
[20:06:15] [Render thread/WARN]: Missing sound for event: minecraft:entity.goat.screaming.horn_break
[20:06:15] [Render thread/INFO]: OpenAL initialized on device OpenAL Soft on Headphones (Realtek(R) Audio)
[20:06:15] [Render thread/INFO]: Sound engine started
[20:06:15] [Render thread/INFO]: Created: 1024x1024x4 minecraft:textures/atlas/blocks.png-atlas
[20:06:15] [Render thread/INFO]: Created: 256x256x4 minecraft:textures/atlas/signs.png-atlas
[20:06:15] [Render thread/INFO]: Created: 512x512x4 minecraft:textures/atlas/banner_patterns.png-atlas
[20:06:15] [Render thread/INFO]: Created: 512x512x4 minecraft:textures/atlas/shield_patterns.png-atlas
[20:06:15] [Render thread/INFO]: Created: 1024x1024x4 minecraft:textures/atlas/armor_trims.png-atlas
[20:06:15] [Render thread/INFO]: Created: 256x256x4 minecraft:textures/atlas/chest.png-atlas
[20:06:15] [Render thread/INFO]: Created: 128x64x4 minecraft:textures/atlas/decorated_pot.png-atlas
[20:06:15] [Render thread/INFO]: Created: 512x256x4 minecraft:textures/atlas/beds.png-atlas
[20:06:15] [Render thread/INFO]: Created: 512x256x4 minecraft:textures/atlas/shulker_boxes.png-atlas
[20:06:16] [Render thread/INFO]: Dynamic entity renderer hook setup
[20:06:16] [Render thread/WARN]: Shader rendertype_entity_translucent_emissive could not find sampler named Sampler2 in the specified shader program.
[20:06:16] [Render thread/WARN]: Core shader modifications detected. Temporarily disabling some parts of ImmediatelyFast.
[20:06:16] [Render thread/INFO]: Created: 256x256x0 minecraft:textures/atlas/particles.png-atlas
[20:06:16] [Render thread/INFO]: Created: 256x256x0 minecraft:textures/atlas/paintings.png-atlas
[20:06:16] [Render thread/INFO]: Created: 128x128x0 minecraft:textures/atlas/mob_effects.png-atlas
[20:06:16] [Render thread/WARN]: Removing existing FSB skies...
[20:06:16] [Render thread/WARN]: FSB-Interop is converting MCPatcher/OptiFine custom skies resource packs! Any visual bugs are likely caused by FSB-Interop. Please do not report these issues to FabricSkyBoxes nor Resource Pack creators!
[20:06:16] [Render thread/INFO]: Looking for OptiFine/MCPatcher Skies...
[20:06:18] [Render thread/WARN]: Game took 21.777 seconds to start
[20:06:36] [Render thread/INFO]: emissive suffixes loaded: {_e}.
[20:06:36] [Render thread/INFO]: emissive suffixes loaded: {_e}.
[20:06:36] [Render thread/INFO]: Connecting to perilouspen.ddns.net, 25565
[20:06:37] [Render thread/INFO]: Reloading pipeline on dimension change: NamespacedId{namespace='minecraft', name='overworld'} => NamespacedId{namespace='minecraft', name='overworld'}
[20:06:37] [Render thread/INFO]: Destroying pipeline NamespacedId{namespace='minecraft', name='overworld'}
[20:06:37] [Render thread/INFO]: Creating pipeline for dimension NamespacedId{namespace='minecraft', name='overworld'}
[20:06:37] [Render thread/WARN]: Error loading class: me/jellysquid/mods/sodium/client/render/occlusion/BlockOcclusionCache (java.lang.ClassNotFoundException: me/jellysquid/mods/sodium/client/render/occlusion/BlockOcclusionCache)
[20:06:37] [Render thread/INFO]: Started 10 worker threads
[20:06:38] [Render thread/INFO]: Loaded 1016 advancements
[20:06:39] [Render thread/INFO]: Stopping worker threads
[20:06:39] [Render thread/INFO]: Started 10 worker threads
[20:06:39] [Render thread/INFO]: Loaded entity minecraft:zombie
[20:06:39] [Render thread/INFO]: Loaded entity minecraft:enderman
[20:06:39] [Render thread/INFO]: Loaded entity minecraft:pillager
[20:06:39] [Render thread/INFO]: Loaded entity minecraft:cat
[20:06:39] [Render thread/INFO]: Loaded entity minecraft:drowned
[20:06:39] [Render thread/INFO]: Loaded entity minecraft:chicken
[20:06:39] [Render thread/INFO]: Loaded entity minecraft:boat
[20:06:39] [Render thread/INFO]: Loaded entity minecraft:pig
[20:06:39] [Render thread/INFO]: Loaded entity minecraft:iron_golem
[20:06:39] [Render thread/INFO]: Loaded entity minecraft:cow
[20:06:39] [Render thread/INFO]: Loaded entity minecraft:squid
[20:06:39] [Render thread/INFO]: Loaded entity minecraft:chest_boat
[20:06:39] [Render thread/INFO]: Loaded entity minecraft:item
[20:06:39] [Render thread/INFO]: Loaded entity minecraft:item_frame
[20:06:39] [Render thread/INFO]: Loaded entity minecraft:spider
[20:06:39] [Render thread/INFO]: Loaded entity minecraft:glow_squid
[20:06:39] [Render thread/INFO]: Loaded entity minecraft:trader_llama
[20:06:39] [Render thread/INFO]: Loaded entity minecraft:bat
[20:06:39] [Render thread/INFO]: Loaded entity minecraft:painting
[20:06:39] [Render thread/INFO]: Loaded entity minecraft:hopper_minecart
[20:06:39] [Render thread/INFO]: Loaded entity minecraft:skeleton
[20:06:39] [Render thread/INFO]: Loaded entity minecraft:sheep
[20:06:39] [Render thread/INFO]: Loaded entity minecraft:creeper
[20:06:39] [Render thread/INFO]: Loaded entity minecraft:leash_knot
[20:06:39] [Render thread/INFO]: Loaded entity minecraft:villager
[20:06:39] [Render thread/WARN]: Time from main menu to in-game was 3.5204093 seconds
[20:06:39] [Render thread/WARN]: Total time to load game and open world was 25.29741 seconds
[20:06:46] [Render thread/INFO]: Loaded entity minecraft:salmon
[20:07:15] [Render thread/WARN]: Received passengers for unknown entity
[20:07:20] [Render thread/WARN]: Received passengers for unknown entity
[20:07:28] [Render thread/INFO]: Flushed changes to Minecraft configuration
[20:07:32] [Render thread/INFO]: Loaded entity minecraft:horse
[20:07:32] [Render thread/INFO]: Loaded entity minecraft:donkey
[20:08:06] [Render thread/INFO]: Loaded entity minecraft:firework_rocket
[20:08:13] [Render thread/INFO]: Loaded entity minecraft:zombie_villager
[20:08:18] [Render thread/INFO]: Loaded entity minecraft:chest_minecart
[20:08:19] [Render thread/INFO]: Flushed changes to Minecraft configuration
[20:08:35] [Render thread/INFO]: Loaded entity minecraft:goat
[20:08:40] [Render thread/INFO]: Loaded entity minecraft:bee
[20:08:42] [Render thread/INFO]: Loaded entity minecraft:axolotl
[20:08:45] [Render thread/INFO]: Loaded entity minecraft:wolf
[20:08:59] [Render thread/INFO]: Loaded entity minecraft:dolphin
[20:09:04] [Render thread/INFO]: Loaded entity minecraft:camel
[20:09:07] [Render thread/INFO]: Loaded entity minecraft:snow_golem
[20:09:27] [Render thread/INFO]: Loaded entity minecraft:snowball
[20:10:20] [Render thread/INFO]: Reloading pipeline on dimension change: NamespacedId{namespace='minecraft', name='overworld'} => NamespacedId{namespace='minecraft', name='the_nether'}
[20:10:20] [Render thread/INFO]: Destroying pipeline NamespacedId{namespace='minecraft', name='overworld'}
[20:10:20] [Render thread/INFO]: Creating pipeline for dimension NamespacedId{namespace='minecraft', name='the_nether'}
[20:10:20] [Render thread/INFO]: Stopping worker threads
[20:10:20] [Render thread/INFO]: Started 10 worker threads
[20:10:20] [Render thread/INFO]: Stopping worker threads
[20:10:20] [Render thread/INFO]: Started 10 worker threads
[20:10:20] [Render thread/INFO]: Stopping worker threads
[20:10:20] [Render thread/INFO]: Started 10 worker threads
[20:10:20] [Render thread/INFO]: Loaded entity minecraft:strider
[20:10:20] [Render thread/INFO]: Loaded entity minecraft:magma_cube
[20:10:20] [Render thread/WARN]: Received passengers for unknown entity
[20:10:20] [Render thread/INFO]: Loaded entity minecraft:ghast
[20:10:20] [Render thread/INFO]: Loaded entity minecraft:zombified_piglin
[20:10:20] [Render thread/INFO]: Loaded entity minecraft:minecart
[20:10:20] [Render thread/INFO]: Loaded entity minecraft:frog
[20:10:21] [Render thread/WARN]: Received passengers for unknown entity
[20:10:21] [Render thread/WARN]: Received passengers for unknown entity
[20:10:31] [Render thread/WARN]: Received passengers for unknown entity
[20:10:31] [Render thread/WARN]: Received passengers for unknown entity
[20:10:31] [Render thread/WARN]: Received passengers for unknown entity
[20:10:32] [Render thread/WARN]: Received passengers for unknown entity
[20:10:32] [Render thread/INFO]: Loaded entity minecraft:piglin
[20:10:32] [Render thread/WARN]: Received passengers for unknown entity
[20:10:33] [Render thread/WARN]: Received passengers for unknown entity
[20:10:36] [Render thread/WARN]: Received passengers for unknown entity
[20:10:39] [Render thread/WARN]: Received passengers for unknown entity
[20:10:40] [Render thread/WARN]: Received passengers for unknown entity
[20:10:40] [Render thread/WARN]: Received passengers for unknown entity
[20:10:40] [Render thread/WARN]: Received passengers for unknown entity
[20:10:40] [Render thread/WARN]: Received passengers for unknown entity
[20:10:43] [Render thread/WARN]: Received passengers for unknown entity
[20:10:43] [Render thread/WARN]: Received passengers for unknown entity
[20:10:43] [Render thread/WARN]: Received passengers for unknown entity
[20:10:46] [Render thread/WARN]: Received passengers for unknown entity
[20:10:46] [Render thread/INFO]: Loaded entity minecraft:hoglin
[20:10:53] [Render thread/INFO]: Reloading pipeline on dimension change: NamespacedId{namespace='minecraft', name='the_nether'} => NamespacedId{namespace='minecraft', name='overworld'}
[20:10:53] [Render thread/INFO]: Destroying pipeline NamespacedId{namespace='minecraft', name='the_nether'}
[20:10:53] [Render thread/INFO]: Creating pipeline for dimension NamespacedId{namespace='minecraft', name='overworld'}
[20:10:53] [Render thread/INFO]: Stopping worker threads
[20:10:53] [Render thread/INFO]: Started 10 worker threads
[20:10:53] [Render thread/INFO]: Stopping worker threads
[20:10:53] [Render thread/INFO]: Started 10 worker threads
[20:10:53] [Render thread/INFO]: Stopping worker threads
[20:10:53] [Render thread/INFO]: Started 10 worker threads
[20:10:54] [Render thread/INFO]: Loaded entity minecraft:polar_bear
[20:10:54] [Render thread/INFO]: Loaded entity minecraft:rabbit
[20:10:58] [Render thread/INFO]: Reloading pipeline on dimension change: NamespacedId{namespace='minecraft', name='overworld'} => NamespacedId{namespace='minecraft', name='the_end'}
[20:10:58] [Render thread/INFO]: Destroying pipeline NamespacedId{namespace='minecraft', name='overworld'}
[20:10:58] [Render thread/INFO]: Creating pipeline for dimension NamespacedId{namespace='minecraft', name='the_end'}
[20:10:58] [Render thread/INFO]: Stopping worker threads
[20:10:58] [Render thread/INFO]: Started 10 worker threads
[20:10:58] [Render thread/INFO]: Stopping worker threads
[20:10:58] [Render thread/INFO]: Started 10 worker threads
[20:10:58] [Render thread/INFO]: Stopping worker threads
[20:10:58] [Render thread/INFO]: Started 10 worker threads
[20:12:14] [Render thread/INFO]: Reloading pipeline on dimension change: NamespacedId{namespace='minecraft', name='the_end'} => NamespacedId{namespace='minecraft', name='overworld'}
[20:12:14] [Render thread/INFO]: Destroying pipeline NamespacedId{namespace='minecraft', name='the_end'}
[20:12:14] [Render thread/INFO]: Creating pipeline for dimension NamespacedId{namespace='minecraft', name='overworld'}
[20:12:14] [Render thread/INFO]: Stopping worker threads
[20:12:14] [Render thread/INFO]: Started 10 worker threads
[20:12:14] [Render thread/INFO]: Stopping worker threads
[20:12:14] [Render thread/INFO]: Started 10 worker threads
[20:12:14] [Render thread/INFO]: Stopping worker threads
[20:12:14] [Render thread/INFO]: Started 10 worker threads
[20:14:00] [Render thread/INFO]: Loaded entity minecraft:cod
[20:14:04] [Render thread/INFO]: Loaded entity minecraft:witch
[20:14:22] [Render thread/INFO]: Loaded entity minecraft:falling_block
[20:15:17] [Render thread/INFO]: Loaded entity minecraft:arrow
[20:15:25] [Render thread/INFO]: Loaded entity minecraft:experience_orb
[20:17:29] [Render thread/INFO]: Loaded entity minecraft:fox
[20:22:50] [Render thread/ERROR]: Deleting stream buffers: Invalid operation.
[20:23:36] [Render thread/INFO]: ARRP register - before user
[20:25:03] [Render thread/INFO]: Loaded entity minecraft:turtle
[20:25:55] [Render thread/INFO]: Stopping worker threads
[20:25:55] [Render thread/INFO]: emissive suffixes loaded: {_e}.
[20:25:58] [Render thread/INFO]: Stopping!
[20:25:58] [CullThread/INFO]: [STDOUT]: Shutting down culling task!
[20:25:58] [Render thread/INFO]: emissive suffixes loaded: {_e}.
[20:25:58] [Render thread/INFO]: [FastQuit] Exiting FastQuit.
[20:25:58] [Render thread/INFO]: closing rrp ebe:base_resources
