[11:42:30] [main/INFO]: Loading Minecraft 1.20.1 with Fabric Loader 0.14.24
[11:42:30] [main/WARN]: Warnings were found!
 - Mod 'LambDynamicLights' (lambdynlights) 2.3.2+1.20.1 recommends version 0.19.1 or later of quilt_loader, which is missing!
	 - You should install version 0.19.1 or later of quilt_loader for the optimal experience.
[11:42:30] [main/INFO]: Loading 140 mods:
	- animatica 0.6+1.20
	- borderlessmining 1.1.8+1.20.1
	- capes 1.5.2+1.20
	- citresewn 1.1.3+1.20
	   \-- citresewn-defaults 1.1.3+1.20
	- cloth-config 11.1.106
	   \-- cloth-basic-math 0.6.1
	- continuity 3.0.0-beta.4+1.20.1
	- dynamic_fps 3.2.1
	- ears 1.4.6
	- emuno 1.1.1
	- enhancedblockentities 0.9+1.20
	   |-- advanced_runtime_resource_pack 0.6.7
	   \-- spruceui 5.0.0+1.20
	- entity_model_features 1.1.0
	- entity_texture_features 4.6.1
	   \-- org_apache_httpcomponents_httpmime 4.5.10
	- entityculling 1.6.2-mc1.20.1
	- fabric-api 0.90.7+1.20.1
	   |-- fabric-api-base 0.4.30+7abfd51577
	   |-- fabric-api-lookup-api-v1 1.6.35+4d8536c977
	   |-- fabric-biome-api-v1 13.0.12+215bbe9677
	   |-- fabric-block-api-v1 1.0.10+92a0d36777
	   |-- fabric-block-view-api-v2 1.0.0+92a0d36777
	   |-- fabric-blockrenderlayer-v1 1.1.40+b3afc78b77
	   |-- fabric-client-tags-api-v1 1.1.1+97bb207577
	   |-- fabric-command-api-v1 1.2.33+f71b366f77
	   |-- fabric-command-api-v2 2.2.12+b3afc78b77
	   |-- fabric-commands-v0 0.2.50+df3654b377
	   |-- fabric-containers-v0 0.1.63+df3654b377
	   |-- fabric-content-registries-v0 4.0.10+57aed33f77
	   |-- fabric-convention-tags-v1 1.5.4+a1a980da77
	   |-- fabric-crash-report-info-v1 0.2.18+aeb40ebe77
	   |-- fabric-data-generation-api-v1 12.3.2+d7b148e077
	   |-- fabric-dimensions-v1 2.1.53+8536527b77
	   |-- fabric-entity-events-v1 1.5.22+b3afc78b77
	   |-- fabric-events-interaction-v0 0.6.1+e91849a877
	   |-- fabric-events-lifecycle-v0 0.2.62+df3654b377
	   |-- fabric-game-rule-api-v1 1.0.39+ae9f657a77
	   |-- fabric-item-api-v1 2.1.27+b3afc78b77
	   |-- fabric-item-group-api-v1 4.0.11+d7b148e077
	   |-- fabric-key-binding-api-v1 1.0.36+fb8d95da77
	   |-- fabric-keybindings-v0 0.2.34+df3654b377
	   |-- fabric-lifecycle-events-v1 2.2.21+b3afc78b77
	   |-- fabric-loot-api-v2 1.2.0+96dfa95977
	   |-- fabric-loot-tables-v1 1.1.44+9e7660c677
	   |-- fabric-message-api-v1 5.1.8+d7b148e077
	   |-- fabric-mining-level-api-v1 2.1.49+b3afc78b77
	   |-- fabric-model-loading-api-v1 1.0.2+709a987177
	   |-- fabric-models-v0 0.4.1+9386d8a777
	   |-- fabric-networking-api-v1 1.3.10+eeb8eb3677
	   |-- fabric-networking-v0 0.3.50+df3654b377
	   |-- fabric-object-builder-api-v1 11.1.2+4ee0bc6077
	   |-- fabric-particles-v1 1.1.1+201a23a077
	   |-- fabric-recipe-api-v1 1.0.20+b3afc78b77
	   |-- fabric-registry-sync-v0 2.3.2+4df89eb277
	   |-- fabric-renderer-api-v1 3.2.0+39a511ba77
	   |-- fabric-renderer-indigo 1.5.0+39a511ba77
	   |-- fabric-renderer-registries-v1 3.2.45+df3654b377
	   |-- fabric-rendering-data-attachment-v1 0.3.36+92a0d36777
	   |-- fabric-rendering-fluids-v1 3.0.27+b3afc78b77
	   |-- fabric-rendering-v0 1.1.48+df3654b377
	   |-- fabric-rendering-v1 3.0.7+b3afc78b77
	   |-- fabric-resource-conditions-api-v1 2.3.6+d7b148e077
	   |-- fabric-resource-loader-v0 0.11.9+132c48c177
	   |-- fabric-screen-api-v1 2.0.7+b3afc78b77
	   |-- fabric-screen-handler-api-v1 1.3.29+b3afc78b77
	   |-- fabric-sound-api-v1 1.0.12+b3afc78b77
	   |-- fabric-transfer-api-v1 3.3.2+1bc31aeb77
	   \-- fabric-transitive-access-wideners-v1 4.3.0+6c31357e77
	- fabric-language-kotlin 1.10.13+kotlin.1.9.20
	   |-- org_jetbrains_kotlin_kotlin-reflect 1.9.20
	   |-- org_jetbrains_kotlin_kotlin-stdlib 1.9.20
	   |-- org_jetbrains_kotlin_kotlin-stdlib-jdk7 1.9.20
	   |-- org_jetbrains_kotlin_kotlin-stdlib-jdk8 1.9.20
	   |-- org_jetbrains_kotlinx_atomicfu-jvm 0.22.0
	   |-- org_jetbrains_kotlinx_kotlinx-coroutines-core-jvm 1.7.3
	   |-- org_jetbrains_kotlinx_kotlinx-coroutines-jdk8 1.7.3
	   |-- org_jetbrains_kotlinx_kotlinx-datetime-jvm 0.4.1
	   |-- org_jetbrains_kotlinx_kotlinx-serialization-cbor-jvm 1.6.0
	   |-- org_jetbrains_kotlinx_kotlinx-serialization-core-jvm 1.6.0
	   \-- org_jetbrains_kotlinx_kotlinx-serialization-json-jvm 1.6.0
	- fabricloader 0.14.24
	- fabricskyboxes 0.7.3+mc1.20.1
	- fastquit 3.0.0+1.20+
	- ferritecore 6.0.1
	- fix-keyboard-on-linux 1.0.0
	- fsb-interop 1.3.6+mc1.20.1-build.50
	- immediatelyfast 1.2.7+1.20.2
	   |-- com_github_llamalad7_mixinextras 0.2.0
	   \-- net_lenni0451_reflect 1.3.0
	- indium 1.0.27+mc1.20.1
	- iris 1.6.10
	   |-- io_github_douira_glsl-transformer 2.0.0-pre13
	   |-- org_anarres_jcpp 1.4.14
	   \-- org_antlr_antlr4-runtime 4.11.1
	- isxander-main-menu-credits 1.1.2
	- java 17
	- lambdynlights 2.3.2+1.20.1
	   |-- pride 1.2.0+1.19.4
	   \-- spruceui 5.0.0+1.20
	- lilac 1.0.0-beta.3
	- lithium 0.11.2
	- minecraft 1.20.1
	- modernfix 5.9.2+mc1.20.1
	- modmenu 7.2.2
	- moreculling 1.20.1-0.19.0
	   \-- conditional-mixin 0.3.2
	- optigui 2.1.6
	   |-- optiglue 2.1.6-mc.1.19.3
	   |-- org_apache_commons_commons-text 1.10.0
	   \-- org_ini4j_ini4j 0.5.4
	- puzzle 1.5.2+1.20
	   |-- midnightlib 1.4.1
	   |-- puzzle-base 1.5.2+1.20
	   |-- puzzle-gui 1.5.2+1.20
	   |-- puzzle-models 1.5.2+1.20
	   \-- puzzle-splashscreen 1.5.2+1.20
	- reeses-sodium-options 1.6.5+mc1.20.1-build.95
	- shulkerplus 1.0.7
	- sodium 0.5.3
	- sodium-extra 0.5.1+mc1.20.1-build.112
	   |-- caffeineconfig 1.3.0+1.17
	   \-- crowdin-translate 1.4+1.19.3
	- threadtweak 1.20.2-0.1.1
	- world-host 0.4.6
	   \-- org_quiltmc_qup_json 0.2.0
	- yet_another_config_lib_v3 3.2.1+1.20
	   |-- com_twelvemonkeys_common_common-image 3.10.0-SNAPSHOT
	   |-- com_twelvemonkeys_common_common-io 3.10.0-SNAPSHOT
	   |-- com_twelvemonkeys_common_common-lang 3.10.0-SNAPSHOT
	   |-- com_twelvemonkeys_imageio_imageio-core 3.10.0-SNAPSHOT
	   |-- com_twelvemonkeys_imageio_imageio-metadata 3.10.0-SNAPSHOT
	   |-- com_twelvemonkeys_imageio_imageio-webp 3.10.0-SNAPSHOT
	   |-- org_quiltmc_parsers_gson 0.2.1
	   \-- org_quiltmc_parsers_json 0.2.1
	- yosbr 0.1.2
	- zoomify 2.11.2
	   |-- com_akuleshov7_ktoml-core-jvm 0.4.1
	   |-- dev_isxander_settxi_settxi-core 2.10.6
	   \-- dev_isxander_settxi_settxi-kotlinx-serialization 2.10.6
[11:42:34] [main/INFO]: Applying default options... (YOSBR)
[11:42:34] [main/INFO]: SpongePowered MIXIN Subsystem Version=0.8.5 Source=file:/C:/Users/lukeu/AppData/Roaming/com.modrinth.theseus/meta/libraries/net/fabricmc/sponge-mixin/0.12.5+mixin.0.8.5/sponge-mixin-0.12.5+mixin.0.8.5.jar Service=Knot/Fabric Env=CLIENT
[11:42:34] [main/INFO]: Compatibility level set to JAVA_16
[11:42:34] [main/INFO]: Compatibility level set to JAVA_17
[11:42:35] [main/WARN]: Reference map 'entity_model_features_fabric_1.20.1-fabric-refmap.json' for entity_model_features.mixins.json could not be read. If this is a development environment you can ignore this message
[11:42:35] [main/INFO]: Loaded configuration file for Lithium: 115 options available, 1 override(s) found
