[21:22:06] [main/INFO]: Loading Minecraft 1.20.1 with Fabric Loader 0.15.3
[21:22:06] [main/WARN]: Warnings were found!
 - Mod 'LambDynamicLights' (lambdynlights) 2.3.2+1.20.1 recommends version 0.19.1 or later of quilt_loader, which is missing!
	 - You should install version 0.19.1 or later of quilt_loader for the optimal experience.
[21:22:06] [main/INFO]: Loading 140 mods:
	- animatica 0.6+1.20
	- autoclicker-fabric 1.20.1-1.8.0-build.25
	- borderlessmining 1.1.8+1.20.1
	- capes 1.5.2+1.20
	- citresewn 1.1.3+1.20
	   \-- citresewn-defaults 1.1.3+1.20
	- cloth-config 11.1.118
	   \-- cloth-basic-math 0.6.1
	- continuity 3.0.0-beta.4+1.20.1
	- dynamic_fps 3.3.1
	- ears 1.4.6
	- emuno 1.1.1
	- enhancedblockentities 0.9+1.20
	   |-- advanced_runtime_resource_pack 0.6.7
	   \-- spruceui 5.0.0+1.20
	- entity_model_features 1.2
	- entity_texture_features 5.0
	   \-- org_apache_httpcomponents_httpmime 4.5.10
	- entityculling 1.6.2-mc1.20.1
	- fabric-api 0.91.0+1.20.1
	   |-- fabric-api-base 0.4.30+7abfd51577
	   |-- fabric-api-lookup-api-v1 1.6.35+4d8536c977
	   |-- fabric-biome-api-v1 13.0.12+215bbe9677
	   |-- fabric-block-api-v1 1.0.10+92a0d36777
	   |-- fabric-block-view-api-v2 1.0.0+92a0d36777
	   |-- fabric-blockrenderlayer-v1 1.1.40+b3afc78b77
	   |-- fabric-client-tags-api-v1 1.1.1+97bb207577
	   |-- fabric-command-api-v1 1.2.33+f71b366f77
	   |-- fabric-command-api-v2 2.2.12+b3afc78b77
	   |-- fabric-commands-v0 0.2.50+df3654b377
	   |-- fabric-containers-v0 0.1.63+df3654b377
	   |-- fabric-content-registries-v0 4.0.10+57aed33f77
	   |-- fabric-convention-tags-v1 1.5.4+a1a980da77
	   |-- fabric-crash-report-info-v1 0.2.18+aeb40ebe77
	   |-- fabric-data-generation-api-v1 12.3.3+d7b148e077
	   |-- fabric-dimensions-v1 2.1.53+8536527b77
	   |-- fabric-entity-events-v1 1.5.22+b3afc78b77
	   |-- fabric-events-interaction-v0 0.6.1+e91849a877
	   |-- fabric-events-lifecycle-v0 0.2.62+df3654b377
	   |-- fabric-game-rule-api-v1 1.0.39+ae9f657a77
	   |-- fabric-item-api-v1 2.1.27+b3afc78b77
	   |-- fabric-item-group-api-v1 4.0.11+d7b148e077
	   |-- fabric-key-binding-api-v1 1.0.36+fb8d95da77
	   |-- fabric-keybindings-v0 0.2.34+df3654b377
	   |-- fabric-lifecycle-events-v1 2.2.21+b3afc78b77
	   |-- fabric-loot-api-v2 1.2.0+96dfa95977
	   |-- fabric-loot-tables-v1 1.1.44+9e7660c677
	   |-- fabric-message-api-v1 5.1.8+d7b148e077
	   |-- fabric-mining-level-api-v1 2.1.49+b3afc78b77
	   |-- fabric-model-loading-api-v1 1.0.2+709a987177
	   |-- fabric-models-v0 0.4.1+9386d8a777
	   |-- fabric-networking-api-v1 1.3.10+eeb8eb3677
	   |-- fabric-networking-v0 0.3.50+df3654b377
	   |-- fabric-object-builder-api-v1 11.1.2+4ee0bc6077
	   |-- fabric-particles-v1 1.1.1+201a23a077
	   |-- fabric-recipe-api-v1 1.0.20+b3afc78b77
	   |-- fabric-registry-sync-v0 2.3.2+4df89eb277
	   |-- fabric-renderer-api-v1 3.2.0+39a511ba77
	   |-- fabric-renderer-indigo 1.5.0+39a511ba77
	   |-- fabric-renderer-registries-v1 3.2.45+df3654b377
	   |-- fabric-rendering-data-attachment-v1 0.3.36+92a0d36777
	   |-- fabric-rendering-fluids-v1 3.0.27+b3afc78b77
	   |-- fabric-rendering-v0 1.1.48+df3654b377
	   |-- fabric-rendering-v1 3.0.7+b3afc78b77
	   |-- fabric-resource-conditions-api-v1 2.3.7+29de845d77
	   |-- fabric-resource-loader-v0 0.11.9+132c48c177
	   |-- fabric-screen-api-v1 2.0.7+b3afc78b77
	   |-- fabric-screen-handler-api-v1 1.3.29+b3afc78b77
	   |-- fabric-sound-api-v1 1.0.12+b3afc78b77
	   |-- fabric-transfer-api-v1 3.3.3+c81d263177
	   \-- fabric-transitive-access-wideners-v1 4.3.0+6c31357e77
	- fabric-language-kotlin 1.10.17+kotlin.1.9.22
	   |-- org_jetbrains_kotlin_kotlin-reflect 1.9.22
	   |-- org_jetbrains_kotlin_kotlin-stdlib 1.9.22
	   |-- org_jetbrains_kotlin_kotlin-stdlib-jdk7 1.9.22
	   |-- org_jetbrains_kotlin_kotlin-stdlib-jdk8 1.9.22
	   |-- org_jetbrains_kotlinx_atomicfu-jvm 0.23.1
	   |-- org_jetbrains_kotlinx_kotlinx-coroutines-core-jvm 1.7.3
	   |-- org_jetbrains_kotlinx_kotlinx-coroutines-jdk8 1.7.3
	   |-- org_jetbrains_kotlinx_kotlinx-datetime-jvm 0.5.0
	   |-- org_jetbrains_kotlinx_kotlinx-serialization-cbor-jvm 1.6.2
	   |-- org_jetbrains_kotlinx_kotlinx-serialization-core-jvm 1.6.2
	   \-- org_jetbrains_kotlinx_kotlinx-serialization-json-jvm 1.6.2
	- fabricloader 0.15.3
	   \-- mixinextras 0.3.2
	- fabricskyboxes 0.7.3+mc1.20.1
	- fastquit 3.0.0+1.20+
	- ferritecore 6.0.1
	- fix-keyboard-on-linux 1.0.0
	- freecam 1.2.1+1.20
	- fsb-interop 1.3.6+mc1.20.1-build.50
	- immediatelyfast 1.2.8+1.20.4
	   \-- net_lenni0451_reflect 1.3.1
	- indium 1.0.27+mc1.20.1
	- iris 1.6.11
	   |-- io_github_douira_glsl-transformer 2.0.0-pre13
	   |-- org_anarres_jcpp 1.4.14
	   \-- org_antlr_antlr4-runtime 4.11.1
	- isxander-main-menu-credits 1.1.2
	- java 17
	- lambdynlights 2.3.2+1.20.1
	   |-- pride 1.2.0+1.19.4
	   \-- spruceui 5.0.0+1.20
	- lilac 1.0.0-beta.3
	- lithium 0.11.2
	- minecraft 1.20.1
	- modernfix 5.11.1+mc1.20.1
	- modmenu 7.2.2
	- moreculling 1.20.1-0.19.0
	   \-- conditional-mixin 0.3.2
	- optigui 2.1.7
	   |-- optiglue 2.1.7-mc.1.19.3
	   |-- org_apache_commons_commons-text 1.10.0
	   \-- org_ini4j_ini4j 0.5.4
	- puzzle 1.5.2+1.20
	   |-- midnightlib 1.4.1
	   |-- puzzle-base 1.5.2+1.20
	   |-- puzzle-gui 1.5.2+1.20
	   |-- puzzle-models 1.5.2+1.20
	   \-- puzzle-splashscreen 1.5.2+1.20
	- reeses-sodium-options 1.6.5+mc1.20.1-build.95
	- sodium 0.5.3
	- sodium-extra 0.5.1+mc1.20.1-build.112
	   |-- caffeineconfig 1.3.0+1.17
	   \-- crowdin-translate 1.4+1.19.3
	- threadtweak 1.20.2-0.1.1
	- world-host 0.4.8
	   \-- org_quiltmc_parsers_json 0.2.1
	- yet_another_config_lib_v3 3.2.1+1.20
	   |-- com_twelvemonkeys_common_common-image 3.10.0-SNAPSHOT
	   |-- com_twelvemonkeys_common_common-io 3.10.0-SNAPSHOT
	   |-- com_twelvemonkeys_common_common-lang 3.10.0-SNAPSHOT
	   |-- com_twelvemonkeys_imageio_imageio-core 3.10.0-SNAPSHOT
	   |-- com_twelvemonkeys_imageio_imageio-metadata 3.10.0-SNAPSHOT
	   |-- com_twelvemonkeys_imageio_imageio-webp 3.10.0-SNAPSHOT
	   \-- org_quiltmc_parsers_gson 0.2.1
	- yosbr 0.1.2
	- zoomify 2.11.2
	   |-- com_akuleshov7_ktoml-core-jvm 0.4.1
	   |-- dev_isxander_settxi_settxi-core 2.10.6
	   \-- dev_isxander_settxi_settxi-kotlinx-serialization 2.10.6
[21:22:06] [main/INFO]: Applying default options... (YOSBR)
[21:22:06] [main/INFO]: SpongePowered MIXIN Subsystem Version=0.8.5 Source=file:/C:/Users/lukeu/AppData/Roaming/com.modrinth.theseus/meta/libraries/net/fabricmc/sponge-mixin/0.12.5+mixin.0.8.5/sponge-mixin-0.12.5+mixin.0.8.5.jar Service=Knot/Fabric Env=CLIENT
[21:22:07] [main/INFO]: Compatibility level set to JAVA_16
[21:22:07] [main/INFO]: Compatibility level set to JAVA_17
[21:22:07] [main/WARN]: Reference map 'entity_model_features_fabric_1.20.1-fabric-refmap.json' for entity_model_features.mixins.json could not be read. If this is a development environment you can ignore this message
[21:22:07] [main/INFO]: Loaded configuration file for Lithium: 115 options available, 1 override(s) found
[21:22:08] [main/INFO]: Loaded configuration file for ModernFix 5.11.1+mc1.20.1: 52 options available, 5 override(s) found
[21:22:08] [main/WARN]: Option 'mixin.perf.dedicated_reload_executor' overriden (by user configuration) to 'false'
[21:22:08] [main/WARN]: Option 'mixin.perf.faster_item_rendering' overriden (by user configuration) to 'true'
[21:22:08] [main/WARN]: Option 'mixin.perf.dynamic_resources' overriden (by user configuration) to 'true'
[21:22:08] [main/WARN]: Option 'mixin.perf.dynamic_entity_renderers' overriden (by user configuration) to 'true'
[21:22:08] [main/WARN]: Option 'mixin.perf.thread_priorities' overriden (by mods [threadtweak]) to 'false'
[21:22:08] [main/INFO]: Applying Nashorn fix
[21:22:08] [main/INFO]: Loaded configuration file for Sodium: 41 options available, 3 override(s) found
[21:22:08] [main/INFO]: Loaded configuration file for Sodium Extra: 32 options available, 0 override(s) found
[21:22:08] [main/WARN]: Error loading class: me/jellysquid/mods/sodium/client/render/immediate/model/EntityRenderer (java.lang.ClassNotFoundException: me/jellysquid/mods/sodium/client/render/immediate/model/EntityRenderer)
[21:22:09] [main/WARN]: Mixin malte0811.ferritecore.mixin.threaddetec.PalettedContainerMixin is disabled automatically as lithium is installed
[21:22:09] [main/WARN]: Force-disabling mixin 'alloc.blockstate.StateMixin' as rule 'mixin.alloc.blockstate' (added by mods [ferritecore]) disables it and children
[21:22:09] [main/WARN]: Error loading class: net/fabricmc/fabric/impl/client/model/ModelLoadingRegistryImpl$LoaderInstance (java.lang.ClassNotFoundException: net/fabricmc/fabric/impl/client/model/ModelLoadingRegistryImpl$LoaderInstance)
[21:22:09] [main/WARN]: @Mixin target net.fabricmc.fabric.impl.client.model.ModelLoadingRegistryImpl$LoaderInstance was not found modernfix-fabric.mixins.json:perf.dynamic_resources.LoaderInstanceMixin from mod modernfix
[21:22:09] [main/WARN]: Error loading class: me/jellysquid/mods/sodium/client/render/occlusion/BlockOcclusionCache (java.lang.ClassNotFoundException: me/jellysquid/mods/sodium/client/render/occlusion/BlockOcclusionCache)
[21:22:09] [main/WARN]: Force-disabling mixin 'features.render.entity.CuboidMixin' as rule 'mixin.features.render.entity' (added by mods [iris]) disables it and children
[21:22:09] [main/WARN]: Force-disabling mixin 'features.render.entity.ModelPartMixin' as rule 'mixin.features.render.entity' (added by mods [iris]) disables it and children
[21:22:09] [main/WARN]: Force-disabling mixin 'features.render.entity.cull.EntityRendererMixin' as rule 'mixin.features.render.entity' (added by mods [iris]) disables it and children
[21:22:09] [main/WARN]: Force-disabling mixin 'features.render.entity.shadows.EntityRenderDispatcherMixin' as rule 'mixin.features.render.entity' (added by mods [iris]) disables it and children
[21:22:09] [main/WARN]: Force-disabling mixin 'features.render.gui.font.GlyphRendererMixin' as rule 'mixin.features.render.gui.font' (added by mods [iris]) disables it and children
[21:22:09] [main/WARN]: Force-disabling mixin 'features.render.world.sky.BackgroundRendererMixin' as rule 'mixin.features.render.world.sky' (added by mods [iris]) disables it and children
[21:22:09] [main/WARN]: Force-disabling mixin 'features.render.world.sky.ClientWorldMixin' as rule 'mixin.features.render.world.sky' (added by mods [iris]) disables it and children
[21:22:09] [main/WARN]: Force-disabling mixin 'features.render.world.sky.WorldRendererMixin' as rule 'mixin.features.render.world.sky' (added by mods [iris]) disables it and children
[21:22:09] [main/WARN]: Error loading class: me/jellysquid/mods/sodium/client/render/occlusion/BlockOcclusionCache (java.lang.ClassNotFoundException: me/jellysquid/mods/sodium/client/render/occlusion/BlockOcclusionCache)
[21:22:09] [main/WARN]: Error loading class: me/jellysquid/mods/sodium/client/render/occlusion/BlockOcclusionCache (java.lang.ClassNotFoundException: me/jellysquid/mods/sodium/client/render/occlusion/BlockOcclusionCache)
[21:22:09] [main/WARN]: Error loading class: org/jetbrains/annotations/ApiStatus$Internal (java.lang.ClassNotFoundException: org/jetbrains/annotations/ApiStatus$Internal)
[21:22:09] [main/INFO]: I used the json to destroy the json
[21:22:09] [main/INFO]: Searching for graphics cards...
[21:22:09] [main/INFO]: Initializing MixinExtras via com.llamalad7.mixinextras.service.MixinExtrasServiceImpl(version=0.3.2).
[21:22:10] [main/INFO]: Found graphics card: GraphicsAdapterInfo[vendor=AMD, name=AMD Radeon RX 6700S, version=DriverVersion=31.0.24027.1012]
[21:22:10] [main/INFO]: Found graphics card: GraphicsAdapterInfo[vendor=AMD, name=AMD Radeon(TM) Graphics, version=DriverVersion=31.0.24027.1012]
[21:22:10] [main/INFO]: ThreadTweak config initialized
[21:22:14] [main/INFO]: Injecting BlockStateBase cache population hook into getNeighborPathNodeType from me.jellysquid.mods.lithium.mixin.ai.pathing.AbstractBlockStateMixin
[21:22:14] [main/INFO]: Injecting BlockStateBase cache population hook into getPathNodeType from me.jellysquid.mods.lithium.mixin.ai.pathing.AbstractBlockStateMixin
[21:22:14] [main/INFO]: Injecting BlockStateBase cache population hook into getAllFlags from me.jellysquid.mods.lithium.mixin.util.block_tracking.AbstractBlockStateMixin
[21:22:17] [main/WARN]: Method overwrite conflict for method_21740 in modernfix-common.mixins.json:perf.remove_biome_temperature_cache.BiomeMixin from mod modernfix, previously written by me.jellysquid.mods.lithium.mixin.world.temperature_cache.BiomeMixin. Skipping method.
[21:22:17] [main/INFO]: Vanilla bootstrap took 5496 milliseconds
[21:22:18] [Render thread/INFO]: Environment: authHost='https://authserver.mojang.com', accountsHost='https://api.mojang.com', sessionHost='https://sessionserver.mojang.com', servicesHost='https://api.minecraftservices.com', name='PROD'
[21:22:19] [Render thread/INFO]: Setting user: LukeyLuke_00
[21:22:19] [Render thread/INFO]: Bypassed Mojang DFU
[21:22:19] [Render thread/INFO]: Auto Clicker Initialised
[21:22:19] [Render thread/INFO]: EmuNO has initialized! Enjoy gaming :D
[21:22:20] [Render thread/INFO]: Trying to read config file...
[21:22:20] [Render thread/INFO]: A config file was found, loading it..
[21:22:20] [Render thread/INFO]: Successfully loaded config file.
[21:22:21] [Render thread/INFO]: [citresewn] Registering CIT Conditions
[21:22:21] [Render thread/INFO]: [citresewn] Registering CIT Types
[21:22:21] [Render thread/WARN]: Configuration option 'christmas_chests' must be one of: 'allowed', 'forced', 'disabled'
[21:22:21] [Render thread/WARN]: Configuration option 'sign_text_rendering' must be one of: 'smart', 'all', 'most', 'some', 'few'
[21:22:21] [Render thread/INFO]: Loading Entity Model Features, did you know if you turn off the lights and whisper 'OptiFine' 3 times you will lose 20fps.
[21:22:22] [Render thread/INFO]: 1 new ETF Random Properties registered by entity_model_features.
[21:22:22] [Render thread/INFO]: Loading Entity Texture Features, now available for Terraria!
[21:22:22] [Render thread/INFO]: [Indigo] Different rendering plugin detected; not applying Indigo.
[21:22:22] [Render thread/INFO]: [FastQuit] Initialized
[21:22:22] [Render thread/INFO]: [LambDynLights] Initializing LambDynamicLights...
[21:22:22] [Render thread/INFO]: [LambDynLights] Configuration loaded.
[21:22:22] [Render thread/INFO]: OptiGlue initialized.
[21:22:22] [Render thread/INFO]: OptiGUI initialized.
[21:22:23] [Render thread/INFO]: Using client-generated connection ID back-indoor-vinyl
[21:22:23] [Render thread/INFO]: Attempting to connect to WH server at world-host.jemnetworks.com
[21:22:23] [Render thread/INFO]: Scanning for UPnP gateway
[21:22:23] [WH-RecvThread/INFO]: Received ConnectionInfo[connectionId=1109791096934, baseIp=world-host.jemnetworks.com, basePort=25565, userIp=170.203.201.222, protocolVersion=5, punchPort=0]
[21:22:23] [Render thread/INFO]: Backend library: LWJGL version 3.3.1 SNAPSHOT
[21:22:24] [Render thread/INFO]: Initializing ImmediatelyFast 1.2.8+1.20.4 on AMD Radeon(TM) Graphics (ATI Technologies Inc.) with OpenGL 3.2.0 Core Profile Context 24.3.1.240312
[21:22:24] [Render thread/INFO]: AMD GPU detected. Enabling coherent buffer mapping
[21:22:24] [Render thread/INFO]: Found Iris/Oculus 1.6.11. Enabling compatibility.
[21:22:24] [Render thread/INFO]: OpenGL Vendor: ATI Technologies Inc.
[21:22:24] [Render thread/INFO]: OpenGL Renderer: AMD Radeon(TM) Graphics
[21:22:24] [Render thread/INFO]: OpenGL Version: 3.2.0 Core Profile Context 24.3.1.240312
[21:22:24] [Render thread/INFO]: Debug functionality is disabled.
[21:22:24] [Render thread/INFO]: ARB_direct_state_access detected, enabling DSA.
[21:22:24] [Render thread/INFO]: Shaders are disabled because enableShaders is set to false in iris.properties
[21:22:24] [Render thread/INFO]: Shaders are disabled
[21:22:24] [Render thread/INFO]: ARRP register - before vanilla
[21:22:24] [Render thread/INFO]: ARRP register - after vanilla
[21:22:25] [Render thread/INFO]: ARRP register - before user
[21:22:25] [Render thread/WARN]: Method overwrite conflict for getModel in fabric-model-loading-api-v1.mixins.json:BakedModelManagerMixin from mod fabric-model-loading-api-v1, previously written by foundationgames.enhancedblockentities.mixin.BakedModelManagerMixin. Skipping method.
[21:22:25] [Render thread/INFO]: Hardware information:
[21:22:25] [Render thread/INFO]: CPU: 16x AMD Ryzen 9 6900HS with Radeon Graphics 
[21:22:25] [Render thread/INFO]: GPU: AMD Radeon(TM) Graphics (Supports OpenGL 3.2.0 Core Profile Context 24.3.1.240312)
[21:22:25] [Render thread/INFO]: OS: Windows 11 (10.0)
[21:22:25] [Finalizer/WARN]: One or more BufferBuilders have been leaked, ModernFix will attempt to correct this.
[21:22:26] [Render thread/INFO]: Invalidating pack caches
[21:22:26] [Render thread/INFO]: Reloading ResourceManager: vanilla, fabric (advanced_runtime_resource_pack, animatica, autoclicker-fabric, borderlessmining, caffeineconfig, capes, citresewn, citresewn-defaults, cloth-config, conditional-mixin, continuity, dynamic_fps, ears, emuno, enhancedblockentities, entity_model_features, entity_texture_features, entityculling, fabric-api, fabric-api-base, fabric-api-lookup-api-v1, fabric-biome-api-v1, fabric-block-api-v1, fabric-block-view-api-v2, fabric-blockrenderlayer-v1, fabric-client-tags-api-v1, fabric-command-api-v1, fabric-command-api-v2, fabric-commands-v0, fabric-containers-v0, fabric-content-registries-v0, fabric-convention-tags-v1, fabric-crash-report-info-v1, fabric-data-generation-api-v1, fabric-dimensions-v1, fabric-entity-events-v1, fabric-events-interaction-v0, fabric-events-lifecycle-v0, fabric-game-rule-api-v1, fabric-item-api-v1, fabric-item-group-api-v1, fabric-key-binding-api-v1, fabric-keybindings-v0, fabric-language-kotlin, fabric-lifecycle-events-v1, fabric-loot-api-v2, fabric-loot-tables-v1, fabric-message-api-v1, fabric-mining-level-api-v1, fabric-model-loading-api-v1, fabric-models-v0, fabric-networking-api-v1, fabric-networking-v0, fabric-object-builder-api-v1, fabric-particles-v1, fabric-recipe-api-v1, fabric-registry-sync-v0, fabric-renderer-api-v1, fabric-renderer-indigo, fabric-renderer-registries-v1, fabric-rendering-data-attachment-v1, fabric-rendering-fluids-v1, fabric-rendering-v0, fabric-rendering-v1, fabric-resource-conditions-api-v1, fabric-resource-loader-v0, fabric-screen-api-v1, fabric-screen-handler-api-v1, fabric-sound-api-v1, fabric-transfer-api-v1, fabric-transitive-access-wideners-v1, fabricloader, fabricskyboxes, fastquit, fix-keyboard-on-linux, freecam, fsb-interop, immediatelyfast, indium, iris, lambdynlights, lilac, lithium, midnightlib, modernfix, modmenu, moreculling, optigui, pride, puzzle, puzzle-base, puzzle-gui, puzzle-models, puzzle-splashscreen, reeses-sodium-options, sodium, sodium-extra, spruceui, threadtweak, world-host, yet_another_config_lib_v3, yosbr, zoomify), file/Chat Reporting Helper.zip, continuity:glass_pane_culling_fix, continuity:default, file/Fast Better Grass.zip, file/Fullbright-UB-1.20.zip, file/LowOnFire_1.20.1.zip, file/lower_shield_1.14-1.20.4.zip, file/VanillaTweaks_r825862.zip
[21:22:26] [Render thread/INFO]: closing rrp ebe:base_resources
[21:22:26] [Render thread/INFO]: ARRP register - before vanilla
[21:22:26] [Render thread/INFO]: ARRP register - after vanilla
[21:22:26] [Render thread/INFO]: No resource loader plugins were found, no resources to load
[21:22:26] [Render thread/ERROR]: [citresewn] Caution! Broken paths is enabled!
[21:22:26] [Worker-Main-9/INFO]: Found unifont_all_no_pua-15.0.06.hex, loading
[21:22:26] [Render thread/INFO]: Creating pipeline for dimension NamespacedId{namespace='minecraft', name='overworld'}
[21:22:26] [Render thread/INFO]: Cached all modded block culling states
[21:22:26] [Render thread/INFO]: Finished authenticating with WH server. Requesting friends list.
[21:22:27] [Worker-Main-2/INFO]: Early baking 180 models
[21:22:27] [Render thread/WARN]: Missing sound for event: minecraft:item.goat_horn.play
[21:22:27] [Render thread/WARN]: Missing sound for event: minecraft:entity.goat.screaming.horn_break
[21:22:27] [Render thread/INFO]: OpenAL initialized on device OpenAL Soft on Speakers (Realtek(R) Audio)
[21:22:27] [Render thread/INFO]: Sound engine started
[21:22:28] [Render thread/INFO]: Created: 1024x1024x4 minecraft:textures/atlas/blocks.png-atlas
[21:22:28] [Render thread/INFO]: Created: 256x256x4 minecraft:textures/atlas/signs.png-atlas
[21:22:28] [Render thread/INFO]: Created: 512x512x4 minecraft:textures/atlas/shield_patterns.png-atlas
[21:22:28] [Render thread/INFO]: Created: 512x512x4 minecraft:textures/atlas/banner_patterns.png-atlas
[21:22:28] [Render thread/INFO]: Created: 1024x1024x4 minecraft:textures/atlas/armor_trims.png-atlas
[21:22:28] [Render thread/INFO]: Created: 128x64x4 minecraft:textures/atlas/decorated_pot.png-atlas
[21:22:28] [Render thread/INFO]: Created: 256x256x4 minecraft:textures/atlas/chest.png-atlas
[21:22:28] [Render thread/INFO]: Created: 512x256x4 minecraft:textures/atlas/beds.png-atlas
[21:22:28] [Render thread/INFO]: Created: 512x256x4 minecraft:textures/atlas/shulker_boxes.png-atlas
[21:22:28] [Render thread/INFO]: Dynamic entity renderer hook setup
[21:22:28] [Render thread/WARN]: Shader rendertype_entity_translucent_emissive could not find sampler named Sampler2 in the specified shader program.
[21:22:28] [Render thread/WARN]: Core shader modifications detected. Temporarily disabling some parts of ImmediatelyFast.
[21:22:29] [Render thread/INFO]: Created: 256x256x0 minecraft:textures/atlas/particles.png-atlas
[21:22:29] [Render thread/INFO]: Created: 256x256x0 minecraft:textures/atlas/paintings.png-atlas
[21:22:29] [Render thread/INFO]: Created: 128x128x0 minecraft:textures/atlas/mob_effects.png-atlas
[21:22:29] [Render thread/WARN]: Removing existing FSB skies...
[21:22:29] [Render thread/WARN]: FSB-Interop is converting MCPatcher/OptiFine custom skies resource packs! Any visual bugs are likely caused by FSB-Interop. Please do not report these issues to FabricSkyBoxes nor Resource Pack creators!
[21:22:29] [Render thread/INFO]: Looking for OptiFine/MCPatcher Skies...
[21:22:31] [Render thread/WARN]: Game took 26.55 seconds to start
[21:22:34] [Render thread/ERROR]: Failed to list path /data/minecraft/datapacks/bundle/assets
java.nio.file.NotDirectoryException: /data/minecraft/datapacks/bundle/assets
	at jdk.nio.zipfs.ZipDirectoryStream.<init>(Unknown Source) ~[jdk.zipfs:?]
	at jdk.nio.zipfs.ZipPath.newDirectoryStream(Unknown Source) ~[jdk.zipfs:?]
	at jdk.nio.zipfs.ZipFileSystemProvider.newDirectoryStream(Unknown Source) ~[jdk.zipfs:?]
	at java.nio.file.Files.newDirectoryStream(Unknown Source) ~[?:?]
	at net.minecraft.class_3259.method_14406(class_3259.java:130) ~[client-intermediary.jar:?]
	at net.minecraft.class_3255.handler$zzm000$citresewn$brokenpaths$parseMetadata(class_3255.java:527) ~[client-intermediary.jar:?]
	at net.minecraft.class_3255.method_14407(class_3255.java:35) ~[client-intermediary.jar:?]
	at net.minecraft.class_3288.method_45274(class_3288.java:71) ~[client-intermediary.jar:?]
	at net.minecraft.class_3288.method_45275(class_3288.java:47) ~[client-intermediary.jar:?]
	at net.minecraft.class_3286.method_45260(class_3286.java:66) ~[client-intermediary.jar:?]
	at net.minecraft.class_7678.method_45258(class_7678.java:76) ~[client-intermediary.jar:?]
	at net.minecraft.class_7678.method_45266(class_7678.java:61) ~[client-intermediary.jar:?]
	at java.util.HashMap.forEach(Unknown Source) ~[?:?]
	at net.minecraft.class_7678.method_45267(class_7678.java:60) ~[client-intermediary.jar:?]
	at net.minecraft.class_7678.method_14453(class_7678.java:43) ~[client-intermediary.jar:?]
	at net.minecraft.class_3283.method_29212(class_3283.java:39) ~[client-intermediary.jar:?]
	at net.minecraft.class_3283.method_14445(class_3283.java:32) ~[client-intermediary.jar:?]
	at net.minecraft.server.MinecraftServer.method_29736(MinecraftServer.java:1351) ~[client-intermediary.jar:?]
	at net.minecraft.class_7237$class_7238.method_42099(class_7237.java:97) ~[client-intermediary.jar:?]
	at net.minecraft.class_7237.method_42098(class_7237.java:29) ~[client-intermediary.jar:?]
	at net.minecraft.class_7196.method_45694(class_7196.java:187) ~[client-intermediary.jar:?]
	at net.minecraft.class_7196.method_41891(class_7196.java:123) ~[client-intermediary.jar:?]
	at net.minecraft.class_7196.method_41899(class_7196.java:202) ~[client-intermediary.jar:?]
	at net.minecraft.class_7196.method_41894(class_7196.java:64) ~[client-intermediary.jar:?]
	at net.minecraft.class_528$class_4272.method_20174(class_528.java:590) ~[client-intermediary.jar:?]
	at net.minecraft.class_528$class_4272.method_20164(class_528.java:480) ~[client-intermediary.jar:?]
	at net.minecraft.class_528$class_4272.method_25402(class_528.java:402) ~[client-intermediary.jar:?]
	at net.minecraft.class_350.method_25402(class_350.java:327) ~[client-intermediary.jar:?]
	at net.minecraft.class_4069.method_25402(class_4069.java:38) ~[client-intermediary.jar:?]
	at net.minecraft.class_312.method_1611(class_312.java:98) ~[client-intermediary.jar:?]
	at net.minecraft.class_437.method_25412(class_437.java:409) ~[client-intermediary.jar:?]
	at net.minecraft.class_312.method_1601(class_312.java:98) ~[client-intermediary.jar:?]
	at net.minecraft.class_312.method_22686(class_312.java:169) ~[client-intermediary.jar:?]
	at net.minecraft.class_1255.execute(class_1255.java:102) ~[client-intermediary.jar:?]
	at net.minecraft.class_312.method_22684(class_312.java:169) ~[client-intermediary.jar:?]
	at org.lwjgl.glfw.GLFWMouseButtonCallback$Container.invoke(GLFWMouseButtonCallback.java:81) ~[lwjgl-glfw-3.3.1.jar:?]
	at dynamic_fps.impl.util.event.InputObserver.onPress(InputObserver.java:96) ~[dynamic-fps-3.3.1+minecraft-1.20.0.jar:?]
	at org.lwjgl.glfw.GLFWMouseButtonCallbackI.callback(GLFWMouseButtonCallbackI.java:43) ~[lwjgl-glfw-3.3.1.jar:?]
	at org.lwjgl.system.JNI.invokeV(Native Method) ~[lwjgl-3.3.1.jar:?]
	at org.lwjgl.glfw.GLFW.glfwWaitEventsTimeout(GLFW.java:3474) ~[lwjgl-glfw-3.3.1.jar:?]
	at com.mojang.blaze3d.systems.RenderSystem.limitDisplayFPS(RenderSystem.java:237) ~[client-intermediary.jar:?]
	at net.minecraft.class_310.method_1523(class_310.java:1244) ~[client-intermediary.jar:?]
	at net.minecraft.class_310.method_1514(class_310.java:802) ~[client-intermediary.jar:?]
	at net.minecraft.client.main.Main.main(Main.java:250) ~[1.20.1-0.15.3.jar:?]
	at net.fabricmc.loader.impl.game.minecraft.MinecraftGameProvider.launch(MinecraftGameProvider.java:470) ~[fabric-loader-0.15.3.jar:?]
	at net.fabricmc.loader.impl.launch.knot.Knot.launch(Knot.java:74) ~[fabric-loader-0.15.3.jar:?]
	at net.fabricmc.loader.impl.launch.knot.KnotClient.main(KnotClient.java:23) ~[fabric-loader-0.15.3.jar:?]
[21:22:34] [Render thread/ERROR]: Failed to list path /data/minecraft/datapacks/bundle/assets
java.nio.file.NotDirectoryException: /data/minecraft/datapacks/bundle/assets
	at jdk.nio.zipfs.ZipDirectoryStream.<init>(Unknown Source) ~[jdk.zipfs:?]
	at jdk.nio.zipfs.ZipPath.newDirectoryStream(Unknown Source) ~[jdk.zipfs:?]
	at jdk.nio.zipfs.ZipFileSystemProvider.newDirectoryStream(Unknown Source) ~[jdk.zipfs:?]
	at java.nio.file.Files.newDirectoryStream(Unknown Source) ~[?:?]
	at net.minecraft.class_3259.method_14406(class_3259.java:130) ~[client-intermediary.jar:?]
	at net.minecraft.class_3255.handler$zzm000$citresewn$brokenpaths$parseMetadata(class_3255.java:527) ~[client-intermediary.jar:?]
	at net.minecraft.class_3255.method_14407(class_3255.java:35) ~[client-intermediary.jar:?]
	at net.minecraft.class_3288.method_45274(class_3288.java:77) ~[client-intermediary.jar:?]
	at net.minecraft.class_3288.method_45275(class_3288.java:47) ~[client-intermediary.jar:?]
	at net.minecraft.class_3286.method_45260(class_3286.java:66) ~[client-intermediary.jar:?]
	at net.minecraft.class_7678.method_45258(class_7678.java:76) ~[client-intermediary.jar:?]
	at net.minecraft.class_7678.method_45266(class_7678.java:61) ~[client-intermediary.jar:?]
	at java.util.HashMap.forEach(Unknown Source) ~[?:?]
	at net.minecraft.class_7678.method_45267(class_7678.java:60) ~[client-intermediary.jar:?]
	at net.minecraft.class_7678.method_14453(class_7678.java:43) ~[client-intermediary.jar:?]
	at net.minecraft.class_3283.method_29212(class_3283.java:39) ~[client-intermediary.jar:?]
	at net.minecraft.class_3283.method_14445(class_3283.java:32) ~[client-intermediary.jar:?]
	at net.minecraft.server.MinecraftServer.method_29736(MinecraftServer.java:1351) ~[client-intermediary.jar:?]
	at net.minecraft.class_7237$class_7238.method_42099(class_7237.java:97) ~[client-intermediary.jar:?]
	at net.minecraft.class_7237.method_42098(class_7237.java:29) ~[client-intermediary.jar:?]
	at net.minecraft.class_7196.method_45694(class_7196.java:187) ~[client-intermediary.jar:?]
	at net.minecraft.class_7196.method_41891(class_7196.java:123) ~[client-intermediary.jar:?]
	at net.minecraft.class_7196.method_41899(class_7196.java:202) ~[client-intermediary.jar:?]
	at net.minecraft.class_7196.method_41894(class_7196.java:64) ~[client-intermediary.jar:?]
	at net.minecraft.class_528$class_4272.method_20174(class_528.java:590) ~[client-intermediary.jar:?]
	at net.minecraft.class_528$class_4272.method_20164(class_528.java:480) ~[client-intermediary.jar:?]
	at net.minecraft.class_528$class_4272.method_25402(class_528.java:402) ~[client-intermediary.jar:?]
	at net.minecraft.class_350.method_25402(class_350.java:327) ~[client-intermediary.jar:?]
	at net.minecraft.class_4069.method_25402(class_4069.java:38) ~[client-intermediary.jar:?]
	at net.minecraft.class_312.method_1611(class_312.java:98) ~[client-intermediary.jar:?]
	at net.minecraft.class_437.method_25412(class_437.java:409) ~[client-intermediary.jar:?]
	at net.minecraft.class_312.method_1601(class_312.java:98) ~[client-intermediary.jar:?]
	at net.minecraft.class_312.method_22686(class_312.java:169) ~[client-intermediary.jar:?]
	at net.minecraft.class_1255.execute(class_1255.java:102) ~[client-intermediary.jar:?]
	at net.minecraft.class_312.method_22684(class_312.java:169) ~[client-intermediary.jar:?]
	at org.lwjgl.glfw.GLFWMouseButtonCallback$Container.invoke(GLFWMouseButtonCallback.java:81) ~[lwjgl-glfw-3.3.1.jar:?]
	at dynamic_fps.impl.util.event.InputObserver.onPress(InputObserver.java:96) ~[dynamic-fps-3.3.1+minecraft-1.20.0.jar:?]
	at org.lwjgl.glfw.GLFWMouseButtonCallbackI.callback(GLFWMouseButtonCallbackI.java:43) ~[lwjgl-glfw-3.3.1.jar:?]
	at org.lwjgl.system.JNI.invokeV(Native Method) ~[lwjgl-3.3.1.jar:?]
	at org.lwjgl.glfw.GLFW.glfwWaitEventsTimeout(GLFW.java:3474) ~[lwjgl-glfw-3.3.1.jar:?]
	at com.mojang.blaze3d.systems.RenderSystem.limitDisplayFPS(RenderSystem.java:237) ~[client-intermediary.jar:?]
	at net.minecraft.class_310.method_1523(class_310.java:1244) ~[client-intermediary.jar:?]
	at net.minecraft.class_310.method_1514(class_310.java:802) ~[client-intermediary.jar:?]
	at net.minecraft.client.main.Main.main(Main.java:250) ~[1.20.1-0.15.3.jar:?]
	at net.fabricmc.loader.impl.game.minecraft.MinecraftGameProvider.launch(MinecraftGameProvider.java:470) ~[fabric-loader-0.15.3.jar:?]
	at net.fabricmc.loader.impl.launch.knot.Knot.launch(Knot.java:74) ~[fabric-loader-0.15.3.jar:?]
	at net.fabricmc.loader.impl.launch.knot.KnotClient.main(KnotClient.java:23) ~[fabric-loader-0.15.3.jar:?]
[21:22:34] [Render thread/INFO]: ARRP register - before user
[21:22:34] [Render thread/INFO]: ARRP register - before vanilla
[21:22:34] [Render thread/INFO]: ARRP register - after vanilla
[21:22:36] [Render thread/INFO]: Loaded 7 recipes
[21:22:36] [Render thread/INFO]: Loaded 1271 advancements
[21:22:36] [Render thread/INFO]: emissive suffixes loaded: {_e}.
[21:22:36] [Render thread/INFO]: emissive suffixes loaded: {_e}.
[21:22:36] [Render thread/INFO]: Applied 0 biome modifications to 0 of 64 new biomes in 2.249 ms
[21:22:36] [Server thread/INFO]: Starting integrated minecraft server version 1.20.1
[21:22:36] [Server thread/INFO]: Generating keypair
[21:22:36] [Server thread/INFO]: Preparing start region for dimension minecraft:overworld
[21:22:36] [Server thread/WARN]: Method overwrite conflict for removeIf in modernfix-common.mixins.json:bugfix.paper_chunk_patches.SortedArraySetMixin from mod modernfix, previously written by me.jellysquid.mods.lithium.mixin.world.chunk_tickets.SortedArraySetMixin. Skipping method.
[21:22:38] [Render thread/INFO]: Preparing spawn area: 0%
[21:22:38] [Render thread/INFO]: Preparing spawn area: 0%
[21:22:38] [Render thread/INFO]: Preparing spawn area: 0%
[21:22:38] [Render thread/INFO]: Preparing spawn area: 0%
[21:22:39] [Render thread/INFO]: Time elapsed: 2324 ms
[21:22:39] [Server thread/INFO]: Changing view distance to 12, from 10
[21:22:39] [Server thread/INFO]: Changing simulation distance to 12, from 0
[21:22:40] [Server thread/INFO]: LukeyLuke_00[local:E:5fe871cb] logged in with entity id 268 at (6.751237922590596, 65.0, 5.30067703156987)
[21:22:40] [Server thread/INFO]: LukeyLuke_00 joined the game
[21:22:40] [Render thread/INFO]: Reloading pipeline on dimension change: NamespacedId{namespace='minecraft', name='overworld'} => NamespacedId{namespace='minecraft', name='overworld'}
[21:22:40] [Render thread/INFO]: Destroying pipeline NamespacedId{namespace='minecraft', name='overworld'}
[21:22:40] [Render thread/INFO]: Creating pipeline for dimension NamespacedId{namespace='minecraft', name='overworld'}
[21:22:41] [Render thread/WARN]: Error loading class: me/jellysquid/mods/sodium/client/render/occlusion/BlockOcclusionCache (java.lang.ClassNotFoundException: me/jellysquid/mods/sodium/client/render/occlusion/BlockOcclusionCache)
[21:22:41] [Render thread/INFO]: Started 10 worker threads
[21:22:41] [Render thread/INFO]: Loaded 2 advancements
[21:22:42] [Render thread/INFO]: Loaded entity minecraft:skeleton
[21:22:42] [Render thread/INFO]: Loaded entity minecraft:zombie
[21:22:42] [Render thread/INFO]: Loaded entity minecraft:witch
[21:22:42] [Render thread/INFO]: Loaded entity minecraft:zombie_villager
[21:22:42] [Render thread/INFO]: Loaded entity minecraft:cod
[21:22:42] [Render thread/INFO]: Loaded entity minecraft:bee
[21:22:42] [Render thread/INFO]: Loaded entity minecraft:glow_squid
[21:22:42] [Render thread/INFO]: Loaded entity minecraft:spider
[21:22:42] [Render thread/INFO]: Loaded entity minecraft:item
[21:22:42] [Render thread/INFO]: Loaded entity minecraft:chicken
[21:22:42] [Render thread/INFO]: Loaded entity minecraft:creeper
[21:22:42] [Render thread/INFO]: Loaded entity minecraft:frog
[21:22:42] [Render thread/INFO]: Loaded entity minecraft:axolotl
[21:22:42] [Render thread/INFO]: Loaded entity minecraft:squid
[21:22:42] [Render thread/INFO]: Loaded entity minecraft:bat
[21:22:42] [Render thread/INFO]: Loaded entity minecraft:tropical_fish
[21:22:42] [Render thread/INFO]: Loaded entity minecraft:enderman
[21:22:42] [Render thread/WARN]: Time from main menu to in-game was 6.2901154 seconds
[21:22:42] [Render thread/WARN]: Total time to load game and open world was 32.840115 seconds
[21:22:46] [Render thread/INFO]: [System] [CHAT] Seed: [-1618374814613272390]
[21:23:36] [Render thread/INFO]: Loaded entity minecraft:dolphin
[21:23:59] [Render thread/INFO]: Loaded entity minecraft:pufferfish
[21:24:11] [Server thread/INFO]: Saving and pausing game...
[21:24:11] [Server thread/INFO]: Saving chunks for level 'ServerLevel[hardcore]'/minecraft:overworld
[21:24:11] [Server thread/INFO]: Saving chunks for level 'ServerLevel[hardcore]'/minecraft:the_end
[21:24:11] [Server thread/INFO]: Saving chunks for level 'ServerLevel[hardcore]'/minecraft:the_nether
[21:24:11] [Render thread/INFO]: [FastQuit] Disconnected "hardcore" from the client.
[21:24:11] [Render thread/INFO]: Stopping worker threads
[21:24:11] [Render thread/INFO]: emissive suffixes loaded: {_e}.
[21:24:11] [Server thread/INFO]: LukeyLuke_00 lost connection: Disconnected
[21:24:11] [Server thread/INFO]: LukeyLuke_00 left the game
[21:24:11] [Server thread/INFO]: Stopping singleplayer server as player logged out
[21:24:11] [Server thread/INFO]: Stopping server
[21:24:11] [Server thread/INFO]: Saving players
[21:24:11] [Server thread/INFO]: Saving worlds
[21:24:12] [Server thread/INFO]: Saving chunks for level 'ServerLevel[hardcore]'/minecraft:overworld
[21:24:12] [Server thread/INFO]: Saving chunks for level 'ServerLevel[hardcore]'/minecraft:the_end
[21:24:12] [Server thread/INFO]: Saving chunks for level 'ServerLevel[hardcore]'/minecraft:the_nether
[21:24:12] [Server thread/INFO]: ThreadedAnvilChunkStorage (hardcore): All chunks are saved
[21:24:12] [Server thread/INFO]: ThreadedAnvilChunkStorage (DIM1): All chunks are saved
[21:24:12] [Server thread/INFO]: ThreadedAnvilChunkStorage (DIM-1): All chunks are saved
[21:24:12] [Server thread/INFO]: ThreadedAnvilChunkStorage: All dimensions are saved
[21:24:12] [Server thread/INFO]: closing rrp ebe:base_resources
[21:24:12] [Server thread/INFO]: [FastQuit] Finished saving "hardcore" (1s)
[21:24:13] [Render thread/INFO]: Stopping!
[21:24:13] [Render thread/INFO]: emissive suffixes loaded: {_e}.
[21:24:13] [Render thread/INFO]: [FastQuit] Exiting FastQuit.
[21:24:13] [Render thread/INFO]: closing rrp ebe:base_resources
[21:24:13] [CullThread/INFO]: [STDOUT]: Shutting down culling task!
